<?xml version="1.0" encoding="UTF-8"?>
<testng-results skipped="0" failed="0" ignored="0" total="1" passed="1">
  <reporter-output>
  </reporter-output>
  <suite name="Default suite" duration-ms="3958" started-at="2023-04-03T20:20:18 IST" finished-at="2023-04-03T20:20:22 IST">
    <groups>
    </groups>
    <test name="Default test" duration-ms="3958" started-at="2023-04-03T20:20:18 IST" finished-at="2023-04-03T20:20:22 IST">
      <class name="extentrp.e1">
        <test-method status="PASS" signature="startTest()[pri:0, instance:extentrp.e1@4abdb505]" name="startTest" is-config="true" duration-ms="112" started-at="2023-04-03T20:20:18 IST" finished-at="2023-04-03T20:20:18 IST">
          <reporter-output>
          </reporter-output>
        </test-method> <!-- startTest -->
        <test-method status="PASS" signature="extentReportsDemo()[pri:0, instance:extentrp.e1@4abdb505]" name="extentReportsDemo" duration-ms="3629" started-at="2023-04-03T20:20:18 IST" finished-at="2023-04-03T20:20:22 IST">
          <reporter-output>
          </reporter-output>
        </test-method> <!-- extentReportsDemo -->
        <test-method status="PASS" signature="endTest()[pri:0, instance:extentrp.e1@4abdb505]" name="endTest" is-config="true" duration-ms="178" started-at="2023-04-03T20:20:22 IST" finished-at="2023-04-03T20:20:22 IST">
          <reporter-output>
          </reporter-output>
        </test-method> <!-- endTest -->
      </class> <!-- extentrp.e1 -->
    </test> <!-- Default test -->
  </suite> <!-- Default suite -->
</testng-results>
