<?xml version="1.0" encoding="UTF-8"?>
<!-- Generated by org.testng.reporters.JUnitXMLReporter -->
<testsuite hostname="krish" ignored="0" name="Test" tests="4" failures="0" timestamp="2023-03-28T20:34:25 IST" time="13.151" errors="0">
  <testcase name="t1" time="8.964" classname="pack1.c1"/>
  <testcase name="t4" time="12.879" classname="pack2.c4"/>
  <testcase name="t3" time="13.048" classname="pack2.c3"/>
  <testcase name="t2" time="13.11" classname="pack1.c2"/>
</testsuite> <!-- Test -->
